<?xml version="1.0" encoding="UTF-8"?>
<!-- Generated by org.testng.reporters.JUnitReportReporter -->
<testsuite hostname="AMAN" failures="0" tests="1" name="TestCases.CheckoutPageTest" time="1.380" errors="0" timestamp="2025-08-18T21:10:43 IST" skipped="0">
  <testcase classname="TestCases.CheckoutPageTest" name="checkout" time="1.380"/>
</testsuite> <!-- TestCases.CheckoutPageTest -->
