<?xml version="1.0" encoding="UTF-8"?>
<!-- Generated by org.testng.reporters.JUnitReportReporter -->
<testsuite hostname="AMAN" failures="0" tests="1" name="TestCases.AddToCartPageTest" time="9.272" errors="0" timestamp="2025-08-18T21:10:43 IST" skipped="0">
  <testcase classname="TestCases.AddToCartPageTest" name="cart" time="9.272"/>
</testsuite> <!-- TestCases.AddToCartPageTest -->
