<?xml version="1.0" encoding="UTF-8"?>
<!-- Generated by org.testng.reporters.JUnitReportReporter -->
<testsuite hostname="AMAN" failures="0" tests="3" name="TestCases.RegisterPageTest" time="16.438" errors="0" timestamp="2025-08-18T21:10:43 IST" skipped="0">
  <testcase classname="TestCases.RegisterPageTest" name="register" time="5.227"/>
  <testcase classname="TestCases.RegisterPageTest" name="register" time="6.121"/>
  <testcase classname="TestCases.RegisterPageTest" name="register" time="5.090"/>
</testsuite> <!-- TestCases.RegisterPageTest -->
