<?xml version="1.0" encoding="UTF-8"?>
<!-- Generated by org.testng.reporters.JUnitReportReporter -->
<testsuite hostname="AMAN" failures="0" tests="2" name="TestCases.SearchPageTest" time="1.158" errors="0" timestamp="2025-08-18T21:10:43 IST" skipped="0">
  <testcase classname="TestCases.SearchPageTest" name="search" time="0.451"/>
  <testcase classname="TestCases.SearchPageTest" name="search" time="0.707"/>
</testsuite> <!-- TestCases.SearchPageTest -->
